<?xml version="1.0" encoding="UTF-8"?>
<!-- Generated by org.testng.reporters.JUnitReportReporter -->
<testsuite skipped="0" hostname="VBTSCPTESTING02" name="com.sfm.vbts.tests.LoginPageTest" tests="4" failures="0" timestamp="01 Sep 2018 06:37:27 GMT" time="42.376" errors="0">
  <testcase name="ValidateLoginPageTitle" time="7.896" classname="com.sfm.vbts.tests.LoginPageTest"/>
  <testcase name="ValidateLoginPageURL" time="11.103" classname="com.sfm.vbts.tests.LoginPageTest"/>
  <testcase name="ValidateLoginPageCenterpointLogo" time="8.729" classname="com.sfm.vbts.tests.LoginPageTest"/>
  <testcase name="Login" time="14.648" classname="com.sfm.vbts.tests.LoginPageTest"/>
</testsuite> <!-- com.sfm.vbts.tests.LoginPageTest -->
