<?xml version="1.0" encoding="UTF-8"?>
<!-- Generated by org.testng.reporters.JUnitReportReporter -->
<testsuite skipped="0" hostname="VBTSCPTESTING02" name="com.vbts.sfm.tests.HomePageTest" tests="3" failures="0" timestamp="30 Aug 2018 08:09:50 GMT" time="40.166" errors="0">
  <testcase name="ValidateHomePageTitle" time="13.054" classname="com.vbts.sfm.tests.HomePageTest"/>
  <testcase name="ValidateHomePageURL" time="13.638" classname="com.vbts.sfm.tests.HomePageTest"/>
  <testcase name="ValidateHomePageHCMLogo" time="13.474" classname="com.vbts.sfm.tests.HomePageTest"/>
</testsuite> <!-- com.vbts.sfm.tests.HomePageTest -->
