<?xml version="1.0" encoding="UTF-8"?>
<!-- Generated by org.testng.reporters.JUnitReportReporter -->
<testsuite skipped="0" hostname="VBTSCPTESTING02" name="com.sfm.vbts.tests.LoginPageTest" tests="4" failures="0" timestamp="04 Sep 2018 10:16:16 GMT" time="35.758" errors="0">
  <testcase name="ValidateLoginPageTitle" time="7.419" classname="com.sfm.vbts.tests.LoginPageTest"/>
  <testcase name="ValidateLoginPageURL" time="7.441" classname="com.sfm.vbts.tests.LoginPageTest"/>
  <testcase name="ValidateLoginPageCenterpointLogo" time="8.001" classname="com.sfm.vbts.tests.LoginPageTest"/>
  <testcase name="Login" time="12.897" classname="com.sfm.vbts.tests.LoginPageTest"/>
</testsuite> <!-- com.sfm.vbts.tests.LoginPageTest -->
