<?xml version="1.0" encoding="UTF-8"?>
<!-- Generated by org.testng.reporters.JUnitReportReporter -->
<testsuite skipped="0" hostname="VBTSCPTESTING02" name="com.sfm.vbts.tests.HomePageTest" tests="3" failures="0" timestamp="01 Sep 2018 06:49:05 GMT" time="39.623" errors="0">
  <testcase name="ValidateHomePageTitle" time="12.656" classname="com.sfm.vbts.tests.HomePageTest"/>
  <testcase name="ValidateHomePageURL" time="13.424" classname="com.sfm.vbts.tests.HomePageTest"/>
  <testcase name="ValidateHomePageHCMLogo" time="13.543" classname="com.sfm.vbts.tests.HomePageTest"/>
</testsuite> <!-- com.sfm.vbts.tests.HomePageTest -->
