<?xml version="1.0" encoding="UTF-8"?>
<!-- Generated by org.testng.reporters.JUnitReportReporter -->
<testsuite skipped="0" hostname="VBTSCPTESTING02" name="com.vbts.sfm.tests.LoginPageTest" tests="4" failures="0" timestamp="30 Aug 2018 08:09:50 GMT" time="40.854" errors="0">
  <testcase name="ValidateLoginPageTitle" time="8.135" classname="com.vbts.sfm.tests.LoginPageTest"/>
  <testcase name="ValidateLoginPageURL" time="10.568" classname="com.vbts.sfm.tests.LoginPageTest"/>
  <testcase name="ValidateLoginPageCenterpointLogo" time="8.623" classname="com.vbts.sfm.tests.LoginPageTest"/>
  <testcase name="Login" time="13.528" classname="com.vbts.sfm.tests.LoginPageTest"/>
</testsuite> <!-- com.vbts.sfm.tests.LoginPageTest -->
