<?xml version="1.0" encoding="UTF-8"?>
<!-- Generated by org.testng.reporters.JUnitReportReporter -->
<testsuite skipped="0" hostname="VBTSCPTESTING02" name="com.sfm.vbts.tests.HomePageTest" tests="3" failures="0" timestamp="04 Sep 2018 10:01:45 GMT" time="37.551" errors="0">
  <testcase name="ValidateHomePageTitle" time="12.507" classname="com.sfm.vbts.tests.HomePageTest"/>
  <testcase name="ValidateHomePageURL" time="12.431" classname="com.sfm.vbts.tests.HomePageTest"/>
  <testcase name="ValidateHomePageHCMLogo" time="12.613" classname="com.sfm.vbts.tests.HomePageTest"/>
</testsuite> <!-- com.sfm.vbts.tests.HomePageTest -->
