<?xml version="1.0" encoding="UTF-8"?>
<!-- Generated by org.testng.reporters.JUnitReportReporter -->
<testsuite skipped="0" hostname="VBTSCPTESTING02" name="com.sfm.vbts.tests.HomePageTest" tests="3" failures="0" timestamp="01 Sep 2018 06:37:27 GMT" time="42.310" errors="0">
  <testcase name="ValidateHomePageTitle" time="15.039" classname="com.sfm.vbts.tests.HomePageTest"/>
  <testcase name="ValidateHomePageURL" time="13.624" classname="com.sfm.vbts.tests.HomePageTest"/>
  <testcase name="ValidateHomePageHCMLogo" time="13.647" classname="com.sfm.vbts.tests.HomePageTest"/>
</testsuite> <!-- com.sfm.vbts.tests.HomePageTest -->
