<?xml version="1.0" encoding="UTF-8"?>
<!-- Generated by org.testng.reporters.JUnitReportReporter -->
<testsuite skipped="0" hostname="VBTSCPTESTING02" name="com.sfm.vbts.tests.LoginPageTest" tests="4" failures="0" timestamp="01 Sep 2018 10:29:47 GMT" time="49.653" errors="0">
  <testcase name="ValidateLoginPageTitle" time="9.134" classname="com.sfm.vbts.tests.LoginPageTest"/>
  <testcase name="ValidateLoginPageURL" time="9.425" classname="com.sfm.vbts.tests.LoginPageTest"/>
  <testcase name="ValidateLoginPageCenterpointLogo" time="10.388" classname="com.sfm.vbts.tests.LoginPageTest"/>
  <testcase name="Login" time="20.706" classname="com.sfm.vbts.tests.LoginPageTest"/>
</testsuite> <!-- com.sfm.vbts.tests.LoginPageTest -->
