<?xml version="1.0" encoding="UTF-8"?>
<!-- Generated by org.testng.reporters.JUnitReportReporter -->
<testsuite skipped="0" hostname="VBTSCPTESTING02" name="com.sfm.vbts.tests.HomePageTest" tests="3" failures="0" timestamp="04 Sep 2018 10:10:10 GMT" time="38.390" errors="0">
  <testcase name="ValidateHomePageTitle" time="13.101" classname="com.sfm.vbts.tests.HomePageTest"/>
  <testcase name="ValidateHomePageURL" time="12.757" classname="com.sfm.vbts.tests.HomePageTest"/>
  <testcase name="ValidateHomePageHCMLogo" time="12.532" classname="com.sfm.vbts.tests.HomePageTest"/>
</testsuite> <!-- com.sfm.vbts.tests.HomePageTest -->
