<?xml version="1.0" encoding="UTF-8"?>
<!-- Generated by org.testng.reporters.JUnitReportReporter -->
<testsuite skipped="0" hostname="VBTSCPTESTING02" name="com.sfm.vbts.tests.LoginPageTest" tests="4" failures="0" timestamp="04 Sep 2018 10:10:10 GMT" time="36.610" errors="0">
  <testcase name="ValidateLoginPageTitle" time="9.023" classname="com.sfm.vbts.tests.LoginPageTest"/>
  <testcase name="ValidateLoginPageURL" time="7.185" classname="com.sfm.vbts.tests.LoginPageTest"/>
  <testcase name="ValidateLoginPageCenterpointLogo" time="7.221" classname="com.sfm.vbts.tests.LoginPageTest"/>
  <testcase name="Login" time="13.181" classname="com.sfm.vbts.tests.LoginPageTest"/>
</testsuite> <!-- com.sfm.vbts.tests.LoginPageTest -->
