<?xml version="1.0" encoding="UTF-8"?>
<!-- Generated by org.testng.reporters.JUnitReportReporter -->
<testsuite skipped="0" hostname="VBTSCPTESTING02" name="com.sfm.vbts.tests.LoginPageTest" tests="4" failures="0" timestamp="04 Sep 2018 10:27:50 GMT" time="35.327" errors="0">
  <testcase name="ValidateLoginPageTitle" time="7.191" classname="com.sfm.vbts.tests.LoginPageTest"/>
  <testcase name="ValidateLoginPageURL" time="7.146" classname="com.sfm.vbts.tests.LoginPageTest"/>
  <testcase name="ValidateLoginPageCenterpointLogo" time="8.484" classname="com.sfm.vbts.tests.LoginPageTest"/>
  <testcase name="Login" time="12.506" classname="com.sfm.vbts.tests.LoginPageTest"/>
</testsuite> <!-- com.sfm.vbts.tests.LoginPageTest -->
